<?xml version="1.0" encoding="UTF-8"?>
<testng-results skipped="0" failed="0" total="1" passed="1">
  <reporter-output>
  </reporter-output>
  <suite name="Default suite" duration-ms="9816" started-at="2019-09-30T04:17:38Z" finished-at="2019-09-30T04:17:48Z">
    <groups>
    </groups>
    <test name="Default test" duration-ms="9816" started-at="2019-09-30T04:17:38Z" finished-at="2019-09-30T04:17:48Z">
      <class name="Demo.Test1">
        <test-method status="PASS" signature="test()[pri:0, instance:Demo.Test1@457e2f02]" name="test" duration-ms="9775" started-at="2019-09-30T09:47:38Z" finished-at="2019-09-30T09:47:48Z">
          <reporter-output>
          </reporter-output>
        </test-method> <!-- test -->
      </class> <!-- Demo.Test1 -->
    </test> <!-- Default test -->
  </suite> <!-- Default suite -->
</testng-results>
